[18:25:46] [main/INFO]: Environment: authHost='https://authserver.mojang.com', accountsHost='https://api.mojang.com', sessionHost='https://sessionserver.mojang.com', servicesHost='https://api.minecraftservices.com', name='PROD'
[18:25:47] [main/INFO]: Found new data pack file/bukkit, loading it automatically
[18:25:48] [main/INFO]: Reloading ResourceManager: Default, bukkit
[18:25:49] [Worker-Main-13/INFO]: Loaded 7 recipes
[18:25:53] [Server thread/INFO]: Starting minecraft server version 1.16.5
[18:25:53] [Server thread/INFO]: Loading properties
[18:25:55] [Server thread/INFO]: This server is running CraftBukkit version 3096a-Spigot-9fb885e-af1a232 (MC: 1.16.5) (Implementing API version 1.16.5-R0.1-SNAPSHOT)
[18:25:55] [Server thread/INFO]: Debug logging is disabled
[18:25:55] [Server thread/INFO]: Server Ping Player Sample Count: 12
[18:25:55] [Server thread/INFO]: Using 4 threads for Netty based IO
[18:25:55] [Server thread/INFO]: Default game type: SURVIVAL
[18:25:55] [Server thread/INFO]: Generating keypair
[18:25:56] [Server thread/INFO]: Starting Minecraft server on *:25565
[18:25:56] [Server thread/INFO]: Using default channel type
[18:26:01] [Server thread/INFO]: Preparing level "world"
[18:26:01] [Server thread/INFO]: -------- World Settings For [world] --------
[18:26:01] [Server thread/INFO]: Entity Tracking Range: Pl 48 / An 48 / Mo 48 / Mi 32 / Other 64
[18:26:01] [Server thread/INFO]: Allow Zombie Pigmen to spawn from portal blocks: true
[18:26:01] [Server thread/INFO]: View Distance: 10
[18:26:01] [Server thread/INFO]: Item Despawn Rate: 6000
[18:26:01] [Server thread/INFO]: Item Merge Radius: 2.5
[18:26:01] [Server thread/INFO]: Custom Map Seeds:  Village: 10387312 Desert: 14357617 Igloo: 14357618 Jungle: 14357619 Swamp: 14357620 Monument: 10387313 Ocean: 14357621 Shipwreck: 165745295 End City: 10387313 Slime: 987234911 Bastion: 30084232 Fortress: 30084232 Mansion: 10387319 Fossil: 14357921 Portal: 34222645
[18:26:01] [Server thread/INFO]: Arrow Despawn Rate: 1200 Trident Respawn Rate:1200
[18:26:01] [Server thread/INFO]: Nerfing mobs spawned from spawners: false
[18:26:01] [Server thread/INFO]: Experience Merge Radius: 3.0
[18:26:01] [Server thread/INFO]: Mob Spawn Range: 6
[18:26:01] [Server thread/INFO]: Cactus Growth Modifier: 100%
[18:26:01] [Server thread/INFO]: Cane Growth Modifier: 100%
[18:26:01] [Server thread/INFO]: Melon Growth Modifier: 100%
[18:26:01] [Server thread/INFO]: Mushroom Growth Modifier: 100%
[18:26:01] [Server thread/INFO]: Pumpkin Growth Modifier: 100%
[18:26:01] [Server thread/INFO]: Sapling Growth Modifier: 100%
[18:26:01] [Server thread/INFO]: Beetroot Growth Modifier: 100%
[18:26:01] [Server thread/INFO]: Carrot Growth Modifier: 100%
[18:26:01] [Server thread/INFO]: Potato Growth Modifier: 100%
[18:26:01] [Server thread/INFO]: Wheat Growth Modifier: 100%
[18:26:01] [Server thread/INFO]: NetherWart Growth Modifier: 100%
[18:26:01] [Server thread/INFO]: Vine Growth Modifier: 100%
[18:26:01] [Server thread/INFO]: Cocoa Growth Modifier: 100%
[18:26:01] [Server thread/INFO]: Bamboo Growth Modifier: 100%
[18:26:01] [Server thread/INFO]: SweetBerry Growth Modifier: 100%
[18:26:01] [Server thread/INFO]: Kelp Growth Modifier: 100%
[18:26:01] [Server thread/INFO]: Tile Max Tick Time: 50ms Entity max Tick Time: 50ms
[18:26:01] [Server thread/INFO]: Entity Activation Range: An 32 / Mo 32 / Ra 48 / Mi 16 / Tiv true
[18:26:01] [Server thread/INFO]: Hopper Transfer: 8 Hopper Check: 1 Hopper Amount: 1
[18:26:01] [Server thread/INFO]: Max TNT Explosions: 100
[18:26:01] [Server thread/INFO]: Zombie Aggressive Towards Villager: true
[18:26:17] [Server thread/INFO]: -------- World Settings For [world_nether] --------
[18:26:17] [Server thread/INFO]: Entity Tracking Range: Pl 48 / An 48 / Mo 48 / Mi 32 / Other 64
[18:26:17] [Server thread/INFO]: Allow Zombie Pigmen to spawn from portal blocks: true
[18:26:17] [Server thread/INFO]: View Distance: 10
[18:26:17] [Server thread/INFO]: Item Despawn Rate: 6000
[18:26:17] [Server thread/INFO]: Item Merge Radius: 2.5
[18:26:17] [Server thread/INFO]: Custom Map Seeds:  Village: 10387312 Desert: 14357617 Igloo: 14357618 Jungle: 14357619 Swamp: 14357620 Monument: 10387313 Ocean: 14357621 Shipwreck: 165745295 End City: 10387313 Slime: 987234911 Bastion: 30084232 Fortress: 30084232 Mansion: 10387319 Fossil: 14357921 Portal: 34222645
[18:26:17] [Server thread/INFO]: Arrow Despawn Rate: 1200 Trident Respawn Rate:1200
[18:26:17] [Server thread/INFO]: Nerfing mobs spawned from spawners: false
[18:26:17] [Server thread/INFO]: Experience Merge Radius: 3.0
[18:26:17] [Server thread/INFO]: Mob Spawn Range: 6
[18:26:17] [Server thread/INFO]: Cactus Growth Modifier: 100%
[18:26:17] [Server thread/INFO]: Cane Growth Modifier: 100%
[18:26:17] [Server thread/INFO]: Melon Growth Modifier: 100%
[18:26:17] [Server thread/INFO]: Mushroom Growth Modifier: 100%
[18:26:17] [Server thread/INFO]: Pumpkin Growth Modifier: 100%
[18:26:17] [Server thread/INFO]: Sapling Growth Modifier: 100%
[18:26:17] [Server thread/INFO]: Beetroot Growth Modifier: 100%
[18:26:17] [Server thread/INFO]: Carrot Growth Modifier: 100%
[18:26:17] [Server thread/INFO]: Potato Growth Modifier: 100%
[18:26:17] [Server thread/INFO]: Wheat Growth Modifier: 100%
[18:26:17] [Server thread/INFO]: NetherWart Growth Modifier: 100%
[18:26:17] [Server thread/INFO]: Vine Growth Modifier: 100%
[18:26:17] [Server thread/INFO]: Cocoa Growth Modifier: 100%
[18:26:17] [Server thread/INFO]: Bamboo Growth Modifier: 100%
[18:26:17] [Server thread/INFO]: SweetBerry Growth Modifier: 100%
[18:26:17] [Server thread/INFO]: Kelp Growth Modifier: 100%
[18:26:17] [Server thread/INFO]: Tile Max Tick Time: 50ms Entity max Tick Time: 50ms
[18:26:17] [Server thread/INFO]: Entity Activation Range: An 32 / Mo 32 / Ra 48 / Mi 16 / Tiv true
[18:26:17] [Server thread/INFO]: Hopper Transfer: 8 Hopper Check: 1 Hopper Amount: 1
[18:26:17] [Server thread/INFO]: Max TNT Explosions: 100
[18:26:17] [Server thread/INFO]: Zombie Aggressive Towards Villager: true
[18:26:17] [Server thread/WARN]: Unable to find spawn biome
[18:26:19] [Server thread/INFO]: -------- World Settings For [world_the_end] --------
[18:26:19] [Server thread/INFO]: Entity Tracking Range: Pl 48 / An 48 / Mo 48 / Mi 32 / Other 64
[18:26:19] [Server thread/INFO]: Allow Zombie Pigmen to spawn from portal blocks: true
[18:26:19] [Server thread/INFO]: View Distance: 10
[18:26:19] [Server thread/INFO]: Item Despawn Rate: 6000
[18:26:19] [Server thread/INFO]: Item Merge Radius: 2.5
[18:26:19] [Server thread/INFO]: Custom Map Seeds:  Village: 10387312 Desert: 14357617 Igloo: 14357618 Jungle: 14357619 Swamp: 14357620 Monument: 10387313 Ocean: 14357621 Shipwreck: 165745295 End City: 10387313 Slime: 987234911 Bastion: 30084232 Fortress: 30084232 Mansion: 10387319 Fossil: 14357921 Portal: 34222645
[18:26:19] [Server thread/INFO]: Arrow Despawn Rate: 1200 Trident Respawn Rate:1200
[18:26:19] [Server thread/INFO]: Nerfing mobs spawned from spawners: false
[18:26:19] [Server thread/INFO]: Experience Merge Radius: 3.0
[18:26:19] [Server thread/INFO]: Mob Spawn Range: 6
[18:26:19] [Server thread/INFO]: Cactus Growth Modifier: 100%
[18:26:19] [Server thread/INFO]: Cane Growth Modifier: 100%
[18:26:19] [Server thread/INFO]: Melon Growth Modifier: 100%
[18:26:19] [Server thread/INFO]: Mushroom Growth Modifier: 100%
[18:26:19] [Server thread/INFO]: Pumpkin Growth Modifier: 100%
[18:26:19] [Server thread/INFO]: Sapling Growth Modifier: 100%
[18:26:19] [Server thread/INFO]: Beetroot Growth Modifier: 100%
[18:26:19] [Server thread/INFO]: Carrot Growth Modifier: 100%
[18:26:19] [Server thread/INFO]: Potato Growth Modifier: 100%
[18:26:19] [Server thread/INFO]: Wheat Growth Modifier: 100%
[18:26:19] [Server thread/INFO]: NetherWart Growth Modifier: 100%
[18:26:19] [Server thread/INFO]: Vine Growth Modifier: 100%
[18:26:19] [Server thread/INFO]: Cocoa Growth Modifier: 100%
[18:26:19] [Server thread/INFO]: Bamboo Growth Modifier: 100%
[18:26:19] [Server thread/INFO]: SweetBerry Growth Modifier: 100%
[18:26:19] [Server thread/INFO]: Kelp Growth Modifier: 100%
[18:26:19] [Server thread/INFO]: Tile Max Tick Time: 50ms Entity max Tick Time: 50ms
[18:26:19] [Server thread/INFO]: Entity Activation Range: An 32 / Mo 32 / Ra 48 / Mi 16 / Tiv true
[18:26:19] [Server thread/INFO]: Hopper Transfer: 8 Hopper Check: 1 Hopper Amount: 1
[18:26:19] [Server thread/INFO]: Max TNT Explosions: 100
[18:26:19] [Server thread/INFO]: Zombie Aggressive Towards Villager: true
[18:26:19] [Server thread/WARN]: Unable to find spawn biome
[18:26:20] [Server thread/INFO]: Preparing start region for dimension minecraft:overworld
[18:26:20] [Worker-Main-8/INFO]: Preparing spawn area: 0%
[18:26:20] [Worker-Main-10/INFO]: Preparing spawn area: 0%
[18:26:21] [Worker-Main-9/INFO]: Preparing spawn area: 0%
[18:26:21] [Worker-Main-15/INFO]: Preparing spawn area: 0%
[18:26:22] [Worker-Main-16/INFO]: Preparing spawn area: 0%
[18:26:22] [Worker-Main-8/INFO]: Preparing spawn area: 2%
[18:26:23] [Worker-Main-10/INFO]: Preparing spawn area: 4%
[18:26:23] [Worker-Main-9/INFO]: Preparing spawn area: 4%
[18:26:24] [Worker-Main-12/INFO]: Preparing spawn area: 4%
[18:26:24] [Worker-Main-16/INFO]: Preparing spawn area: 4%
[18:26:25] [Worker-Main-16/INFO]: Preparing spawn area: 9%
[18:26:25] [Worker-Main-16/INFO]: Preparing spawn area: 9%
[18:26:26] [Worker-Main-11/INFO]: Preparing spawn area: 9%
[18:26:26] [Worker-Main-9/INFO]: Preparing spawn area: 9%
[18:26:27] [Worker-Main-10/INFO]: Preparing spawn area: 18%
[18:26:27] [Worker-Main-11/INFO]: Preparing spawn area: 19%
[18:26:28] [Worker-Main-15/INFO]: Preparing spawn area: 19%
[18:26:28] [Worker-Main-15/INFO]: Preparing spawn area: 19%
[18:26:29] [Worker-Main-16/INFO]: Preparing spawn area: 19%
[18:26:29] [Worker-Main-11/INFO]: Preparing spawn area: 19%
[18:26:30] [Worker-Main-10/INFO]: Preparing spawn area: 31%
[18:26:30] [Worker-Main-8/INFO]: Preparing spawn area: 31%
[18:26:31] [Worker-Main-16/INFO]: Preparing spawn area: 35%
[18:26:31] [Worker-Main-16/INFO]: Preparing spawn area: 35%
[18:26:32] [Worker-Main-9/INFO]: Preparing spawn area: 35%
[18:26:32] [Worker-Main-12/INFO]: Preparing spawn area: 35%
[18:26:33] [Worker-Main-10/INFO]: Preparing spawn area: 35%
[18:26:33] [Worker-Main-9/INFO]: Preparing spawn area: 35%
[18:26:34] [Worker-Main-10/INFO]: Preparing spawn area: 43%
[18:26:34] [Worker-Main-15/INFO]: Preparing spawn area: 46%
[18:26:35] [Worker-Main-12/INFO]: Preparing spawn area: 47%
[18:26:36] [Worker-Main-10/INFO]: Preparing spawn area: 52%
[18:26:37] [Worker-Main-9/INFO]: Preparing spawn area: 57%
[18:26:37] [Worker-Main-11/INFO]: Preparing spawn area: 57%
[18:26:37] [Worker-Main-16/INFO]: Preparing spawn area: 66%
[18:26:37] [Worker-Main-8/INFO]: Preparing spawn area: 69%
[18:26:38] [Worker-Main-10/INFO]: Preparing spawn area: 74%
[18:26:38] [Worker-Main-10/INFO]: Preparing spawn area: 75%
[18:26:39] [Worker-Main-12/INFO]: Preparing spawn area: 80%
[18:26:39] [Worker-Main-15/INFO]: Preparing spawn area: 80%
[18:26:40] [Worker-Main-16/INFO]: Preparing spawn area: 91%
[18:26:40] [Worker-Main-15/INFO]: Preparing spawn area: 98%
[18:26:40] [Server thread/INFO]: Time elapsed: 20702 ms
[18:26:40] [Server thread/INFO]: Preparing start region for dimension minecraft:the_nether
[18:26:41] [Worker-Main-16/INFO]: Preparing spawn area: 0%
[18:26:41] [Worker-Main-11/INFO]: Preparing spawn area: 0%
[18:26:41] [Worker-Main-11/INFO]: Preparing spawn area: 3%
[18:26:42] [Worker-Main-8/INFO]: Preparing spawn area: 6%
[18:26:42] [Worker-Main-8/INFO]: Preparing spawn area: 10%
[18:26:43] [Worker-Main-10/INFO]: Preparing spawn area: 12%
[18:26:45] [Worker-Main-15/INFO]: Preparing spawn area: 15%
[18:26:45] [Worker-Main-15/INFO]: Preparing spawn area: 15%
[18:26:45] [Worker-Main-15/INFO]: Preparing spawn area: 15%
[18:26:45] [Worker-Main-8/INFO]: Preparing spawn area: 17%
[18:26:45] [Worker-Main-10/INFO]: Preparing spawn area: 18%
[18:26:46] [Worker-Main-12/INFO]: Preparing spawn area: 23%
[18:26:46] [Worker-Main-16/INFO]: Preparing spawn area: 31%
[18:26:47] [Worker-Main-9/INFO]: Preparing spawn area: 33%
[18:26:47] [Worker-Main-15/INFO]: Preparing spawn area: 39%
[18:26:48] [Worker-Main-9/INFO]: Preparing spawn area: 42%
[18:26:48] [Worker-Main-11/INFO]: Preparing spawn area: 49%
[18:26:49] [Worker-Main-16/INFO]: Preparing spawn area: 55%
[18:26:49] [Worker-Main-15/INFO]: Preparing spawn area: 57%
[18:26:50] [Worker-Main-16/INFO]: Preparing spawn area: 66%
[18:26:50] [Worker-Main-15/INFO]: Preparing spawn area: 73%
[18:26:51] [Worker-Main-15/INFO]: Preparing spawn area: 75%
[18:26:51] [Worker-Main-11/INFO]: Preparing spawn area: 83%
[18:26:52] [Worker-Main-11/INFO]: Preparing spawn area: 90%
[18:26:52] [Worker-Main-12/INFO]: Preparing spawn area: 99%
[18:26:52] [Server thread/INFO]: Time elapsed: 12048 ms
[18:26:52] [Server thread/INFO]: Preparing start region for dimension minecraft:the_end
[18:26:53] [Worker-Main-9/INFO]: Preparing spawn area: 0%
[18:26:53] [Worker-Main-15/INFO]: Preparing spawn area: 9%
[18:26:53] [Worker-Main-12/INFO]: Preparing spawn area: 35%
[18:26:54] [Worker-Main-16/INFO]: Preparing spawn area: 55%
[18:26:54] [Worker-Main-9/INFO]: Preparing spawn area: 93%
[18:26:55] [Server thread/INFO]: Time elapsed: 2072 ms
[18:26:55] [Server thread/INFO]: Done (54.057s)! For help, type "help"
[18:27:23] [User Authenticator #1/INFO]: UUID of player shurik_is is 3cda8965-c304-4508-9dd4-adad41b6bb31
[18:27:23] [Server thread/INFO]: shurik_is[/127.0.0.1:56212] logged in with entity id 438 at ([world]52.5, 64.0, 62.5)
[18:27:35] [Server thread/INFO]: shurik_is lost connection: Disconnected
[18:27:35] [Server thread/INFO]: shurik_is left the game
[18:27:42] [User Authenticator #2/INFO]: UUID of player shurik_is is 3cda8965-c304-4508-9dd4-adad41b6bb31
[18:27:42] [Server thread/INFO]: shurik_is[/127.0.0.1:56232] logged in with entity id 782 at ([world]52.5, 64.0, 62.5)
[18:28:02] [Server thread/INFO]: Made shurik_is a server operator
[18:28:05] [Server thread/INFO]: shurik_is issued server command: /gamemode creative
[18:28:05] [Server thread/INFO]: [shurik_is: Set own game mode to Creative Mode]
[18:28:13] [Server thread/INFO]: shurik_is lost connection: Disconnected
[18:28:13] [Server thread/INFO]: shurik_is left the game
[18:28:24] [Thread-2/INFO]: Stopping server
[18:28:24] [Thread-2/INFO]: Saving players
